<?xml version="1.0" encoding="UTF-8"?>
<testsuite xmlns:xsi="http://www.w3.org/2001/XMLSchema-instance" xsi:noNamespaceSchemaLocation="https://maven.apache.org/surefire/maven-surefire-plugin/xsd/surefire-test-report-3.0.xsd" version="3.0" name="TestSuite" time="108.759" tests="8" errors="0" skipped="0" failures="1">
  <properties>
    <property name="gopherProxySet" value="false"/>
    <property name="awt.toolkit" value="sun.lwawt.macosx.LWCToolkit"/>
    <property name="java.specification.version" value="11"/>
    <property name="webdriver.chrome.driver" value="/Users/nagajothikaliappan/.cache/selenium/chromedriver/mac64/93.0.4577.15/chromedriver"/>
    <property name="sun.cpu.isalist" value=""/>
    <property name="sun.jnu.encoding" value="UTF-8"/>
    <property name="java.class.path" value="/Users/nagajothikaliappan/Desktop/CucumberProject/PageObject/target/test-classes:/Users/nagajothikaliappan/Desktop/CucumberProject/PageObject/target/classes:/Users/nagajothikaliappan/.m2/repository/io/github/bonigarcia/webdrivermanager/4.2.2/webdrivermanager-4.2.2.jar:/Users/nagajothikaliappan/.m2/repository/org/slf4j/slf4j-api/1.7.30/slf4j-api-1.7.30.jar:/Users/nagajothikaliappan/.m2/repository/commons-io/commons-io/2.8.0/commons-io-2.8.0.jar:/Users/nagajothikaliappan/.m2/repository/com/google/code/gson/gson/2.8.6/gson-2.8.6.jar:/Users/nagajothikaliappan/.m2/repository/org/apache/commons/commons-lang3/3.11/commons-lang3-3.11.jar:/Users/nagajothikaliappan/.m2/repository/org/apache/httpcomponents/client5/httpclient5/5.0.1/httpclient5-5.0.1.jar:/Users/nagajothikaliappan/.m2/repository/org/apache/httpcomponents/core5/httpcore5/5.0.1/httpcore5-5.0.1.jar:/Users/nagajothikaliappan/.m2/repository/org/apache/httpcomponents/core5/httpcore5-h2/5.0.1/httpcore5-h2-5.0.1.jar:/Users/nagajothikaliappan/.m2/repository/commons-codec/commons-codec/1.13/commons-codec-1.13.jar:/Users/nagajothikaliappan/.m2/repository/org/rauschig/jarchivelib/1.1.0/jarchivelib-1.1.0.jar:/Users/nagajothikaliappan/.m2/repository/org/apache/commons/commons-compress/1.20/commons-compress-1.20.jar:/Users/nagajothikaliappan/.m2/repository/org/jsoup/jsoup/1.13.1/jsoup-1.13.1.jar:/Users/nagajothikaliappan/.m2/repository/org/seleniumhq/selenium/selenium-server/4.0.0-alpha-2/selenium-server-4.0.0-alpha-2.jar:/Users/nagajothikaliappan/.m2/repository/org/seleniumhq/selenium/grid/4.0.0-alpha-2/grid-4.0.0-alpha-2.jar:/Users/nagajothikaliappan/.m2/repository/org/seleniumhq/selenium/selenium-firefox-driver/4.0.0-alpha-2/selenium-firefox-driver-4.0.0-alpha-2.jar:/Users/nagajothikaliappan/.m2/repository/org/seleniumhq/selenium/jetty-repacked/9.4.12.v20180830.1/jetty-repacked-9.4.12.v20180830.1.jar:/Users/nagajothikaliappan/.m2/repository/javax/servlet/javax.servlet-api/3.1.0/javax.servlet-api-3.1.0.jar:/Users/nagajothikaliappan/.m2/repository/org/zeromq/jeromq/0.5.1/jeromq-0.5.1.jar:/Users/nagajothikaliappan/.m2/repository/eu/neilalexander/jnacl/1.0.0/jnacl-1.0.0.jar:/Users/nagajothikaliappan/.m2/repository/net/jcip/jcip-annotations/1.0/jcip-annotations-1.0.jar:/Users/nagajothikaliappan/.m2/repository/org/yaml/snakeyaml/1.24/snakeyaml-1.24.jar:/Users/nagajothikaliappan/.m2/repository/org/seleniumhq/selenium/selenium-java/4.0.0-alpha-2/selenium-java-4.0.0-alpha-2.jar:/Users/nagajothikaliappan/.m2/repository/org/seleniumhq/selenium/selenium-chrome-driver/4.0.0-alpha-2/selenium-chrome-driver-4.0.0-alpha-2.jar:/Users/nagajothikaliappan/.m2/repository/org/seleniumhq/selenium/selenium-chromium-driver/4.0.0-alpha-2/selenium-chromium-driver-4.0.0-alpha-2.jar:/Users/nagajothikaliappan/.m2/repository/org/seleniumhq/selenium/selenium-edgehtml-driver/4.0.0-alpha-2/selenium-edgehtml-driver-4.0.0-alpha-2.jar:/Users/nagajothikaliappan/.m2/repository/org/seleniumhq/selenium/selenium-edge-driver/4.0.0-alpha-2/selenium-edge-driver-4.0.0-alpha-2.jar:/Users/nagajothikaliappan/.m2/repository/org/seleniumhq/selenium/selenium-firefox-xpi-driver/4.0.0-alpha-2/selenium-firefox-xpi-driver-4.0.0-alpha-2.jar:/Users/nagajothikaliappan/.m2/repository/org/seleniumhq/selenium/selenium-ie-driver/4.0.0-alpha-2/selenium-ie-driver-4.0.0-alpha-2.jar:/Users/nagajothikaliappan/.m2/repository/org/seleniumhq/selenium/selenium-remote-driver/4.0.0-alpha-2/selenium-remote-driver-4.0.0-alpha-2.jar:/Users/nagajothikaliappan/.m2/repository/org/seleniumhq/selenium/selenium-api/4.0.0-alpha-2/selenium-api-4.0.0-alpha-2.jar:/Users/nagajothikaliappan/.m2/repository/net/bytebuddy/byte-buddy/1.9.12/byte-buddy-1.9.12.jar:/Users/nagajothikaliappan/.m2/repository/org/apache/commons/commons-exec/1.3/commons-exec-1.3.jar:/Users/nagajothikaliappan/.m2/repository/io/opentracing/contrib/opentracing-tracerresolver/0.1.7/opentracing-tracerresolver-0.1.7.jar:/Users/nagajothikaliappan/.m2/repository/io/opentracing/opentracing-api/0.33.0/opentracing-api-0.33.0.jar:/Users/nagajothikaliappan/.m2/repository/com/squareup/okhttp3/okhttp/3.14.0/okhttp-3.14.0.jar:/Users/nagajothikaliappan/.m2/repository/com/squareup/okio/okio/1.17.2/okio-1.17.2.jar:/Users/nagajothikaliappan/.m2/repository/io/opentracing/opentracing-util/0.33.0/opentracing-util-0.33.0.jar:/Users/nagajothikaliappan/.m2/repository/io/opentracing/opentracing-noop/0.33.0/opentracing-noop-0.33.0.jar:/Users/nagajothikaliappan/.m2/repository/org/seleniumhq/selenium/selenium-opera-driver/4.0.0-alpha-2/selenium-opera-driver-4.0.0-alpha-2.jar:/Users/nagajothikaliappan/.m2/repository/org/seleniumhq/selenium/selenium-safari-driver/4.0.0-alpha-2/selenium-safari-driver-4.0.0-alpha-2.jar:/Users/nagajothikaliappan/.m2/repository/org/seleniumhq/selenium/selenium-support/4.0.0-alpha-2/selenium-support-4.0.0-alpha-2.jar:/Users/nagajothikaliappan/.m2/repository/org/testng/testng/7.0.0/testng-7.0.0.jar:/Users/nagajothikaliappan/.m2/repository/com/beust/jcommander/1.72/jcommander-1.72.jar:/Users/nagajothikaliappan/.m2/repository/com/google/guava/guava/30.0-jre/guava-30.0-jre.jar:/Users/nagajothikaliappan/.m2/repository/com/google/guava/failureaccess/1.0.1/failureaccess-1.0.1.jar:/Users/nagajothikaliappan/.m2/repository/com/google/guava/listenablefuture/9999.0-empty-to-avoid-conflict-with-guava/listenablefuture-9999.0-empty-to-avoid-conflict-with-guava.jar:/Users/nagajothikaliappan/.m2/repository/com/google/code/findbugs/jsr305/3.0.2/jsr305-3.0.2.jar:/Users/nagajothikaliappan/.m2/repository/org/checkerframework/checker-qual/3.5.0/checker-qual-3.5.0.jar:/Users/nagajothikaliappan/.m2/repository/com/google/errorprone/error_prone_annotations/2.3.4/error_prone_annotations-2.3.4.jar:/Users/nagajothikaliappan/.m2/repository/com/google/j2objc/j2objc-annotations/1.3/j2objc-annotations-1.3.jar:/Users/nagajothikaliappan/.m2/repository/junit/junit/4.10/junit-4.10.jar:/Users/nagajothikaliappan/.m2/repository/org/hamcrest/hamcrest-core/1.1/hamcrest-core-1.1.jar:/Users/nagajothikaliappan/.m2/repository/io/cucumber/cucumber-java/6.8.2/cucumber-java-6.8.2.jar:/Users/nagajothikaliappan/.m2/repository/io/cucumber/cucumber-core/6.8.2/cucumber-core-6.8.2.jar:/Users/nagajothikaliappan/.m2/repository/io/cucumber/cucumber-gherkin/6.8.2/cucumber-gherkin-6.8.2.jar:/Users/nagajothikaliappan/.m2/repository/io/cucumber/cucumber-gherkin-messages/6.8.2/cucumber-gherkin-messages-6.8.2.jar:/Users/nagajothikaliappan/.m2/repository/io/cucumber/messages/13.1.0/messages-13.1.0.jar:/Users/nagajothikaliappan/.m2/repository/io/cucumber/tag-expressions/3.0.0/tag-expressions-3.0.0.jar:/Users/nagajothikaliappan/.m2/repository/io/cucumber/cucumber-expressions/10.3.0/cucumber-expressions-10.3.0.jar:/Users/nagajothikaliappan/.m2/repository/io/cucumber/datatable/3.5.0/datatable-3.5.0.jar:/Users/nagajothikaliappan/.m2/repository/io/cucumber/cucumber-plugin/6.8.2/cucumber-plugin-6.8.2.jar:/Users/nagajothikaliappan/.m2/repository/io/cucumber/docstring/6.8.2/docstring-6.8.2.jar:/Users/nagajothikaliappan/.m2/repository/io/cucumber/html-formatter/9.0.0/html-formatter-9.0.0.jar:/Users/nagajothikaliappan/.m2/repository/io/cucumber/create-meta/2.0.4/create-meta-2.0.4.jar:/Users/nagajothikaliappan/.m2/repository/org/apiguardian/apiguardian-api/1.1.0/apiguardian-api-1.1.0.jar:/Users/nagajothikaliappan/.m2/repository/io/cucumber/cucumber-testng/6.8.2/cucumber-testng-6.8.2.jar:/Users/nagajothikaliappan/.m2/repository/net/masterthought/cucumber-reporting/3.8.0/cucumber-reporting-3.8.0.jar:/Users/nagajothikaliappan/.m2/repository/org/apache/logging/log4j/log4j-api/2.6/log4j-api-2.6.jar:/Users/nagajothikaliappan/.m2/repository/org/apache/logging/log4j/log4j-core/2.6/log4j-core-2.6.jar:/Users/nagajothikaliappan/.m2/repository/com/fasterxml/jackson/core/jackson-databind/2.8.5/jackson-databind-2.8.5.jar:/Users/nagajothikaliappan/.m2/repository/com/fasterxml/jackson/core/jackson-annotations/2.8.0/jackson-annotations-2.8.0.jar:/Users/nagajothikaliappan/.m2/repository/com/fasterxml/jackson/core/jackson-core/2.8.5/jackson-core-2.8.5.jar:/Users/nagajothikaliappan/.m2/repository/org/apache/velocity/velocity/1.7/velocity-1.7.jar:/Users/nagajothikaliappan/.m2/repository/commons-collections/commons-collections/3.2.1/commons-collections-3.2.1.jar:/Users/nagajothikaliappan/.m2/repository/commons-lang/commons-lang/2.4/commons-lang-2.4.jar:/Users/nagajothikaliappan/.m2/repository/velocity-tools/velocity-tools/1.4/velocity-tools-1.4.jar:/Users/nagajothikaliappan/.m2/repository/joda-time/joda-time/2.9.6/joda-time-2.9.6.jar:/Users/nagajothikaliappan/.m2/repository/net/lingala/zip4j/zip4j/1.3.2/zip4j-1.3.2.jar:/Users/nagajothikaliappan/.m2/repository/org/codehaus/plexus/plexus-utils/3.0.24/plexus-utils-3.0.24.jar:/Users/nagajothikaliappan/.m2/repository/com/googlecode/owasp-java-html-sanitizer/owasp-java-html-sanitizer/20160924.1/owasp-java-html-sanitizer-20160924.1.jar:/Users/nagajothikaliappan/.m2/repository/com/github/javafaker/javafaker/1.0.2/javafaker-1.0.2.jar:/Users/nagajothikaliappan/.m2/repository/org/yaml/snakeyaml/1.23/snakeyaml-1.23-android.jar:/Users/nagajothikaliappan/.m2/repository/com/github/mifmif/generex/1.0.2/generex-1.0.2.jar:/Users/nagajothikaliappan/.m2/repository/dk/brics/automaton/automaton/1.11-8/automaton-1.11-8.jar:"/>
    <property name="java.vm.vendor" value="Oracle Corporation"/>
    <property name="sun.arch.data.model" value="64"/>
    <property name="java.vendor.url" value="https://openjdk.java.net/"/>
    <property name="user.timezone" value="Pacific/Auckland"/>
    <property name="java.vm.specification.version" value="11"/>
    <property name="os.name" value="Mac OS X"/>
    <property name="sun.java.launcher" value="SUN_STANDARD"/>
    <property name="user.country" value="NZ"/>
    <property name="sun.boot.library.path" value="/Library/Java/JavaVirtualMachines/jdk-11.0.10.jdk/Contents/Home/lib"/>
    <property name="sun.java.command" value="/Users/nagajothikaliappan/Desktop/CucumberProject/PageObject/target/surefire/surefirebooter9317783457469474160.jar /Users/nagajothikaliappan/Desktop/CucumberProject/PageObject/target/surefire 2021-09-06T20-01-23_833-jvmRun1 surefire7596921893006194223tmp surefire_014591013592656951732tmp"/>
    <property name="http.nonProxyHosts" value="local|*.local|169.254/16|*.169.254/16"/>
    <property name="jdk.debug" value="release"/>
    <property name="surefire.test.class.path" value="/Users/nagajothikaliappan/Desktop/CucumberProject/PageObject/target/test-classes:/Users/nagajothikaliappan/Desktop/CucumberProject/PageObject/target/classes:/Users/nagajothikaliappan/.m2/repository/io/github/bonigarcia/webdrivermanager/4.2.2/webdrivermanager-4.2.2.jar:/Users/nagajothikaliappan/.m2/repository/org/slf4j/slf4j-api/1.7.30/slf4j-api-1.7.30.jar:/Users/nagajothikaliappan/.m2/repository/commons-io/commons-io/2.8.0/commons-io-2.8.0.jar:/Users/nagajothikaliappan/.m2/repository/com/google/code/gson/gson/2.8.6/gson-2.8.6.jar:/Users/nagajothikaliappan/.m2/repository/org/apache/commons/commons-lang3/3.11/commons-lang3-3.11.jar:/Users/nagajothikaliappan/.m2/repository/org/apache/httpcomponents/client5/httpclient5/5.0.1/httpclient5-5.0.1.jar:/Users/nagajothikaliappan/.m2/repository/org/apache/httpcomponents/core5/httpcore5/5.0.1/httpcore5-5.0.1.jar:/Users/nagajothikaliappan/.m2/repository/org/apache/httpcomponents/core5/httpcore5-h2/5.0.1/httpcore5-h2-5.0.1.jar:/Users/nagajothikaliappan/.m2/repository/commons-codec/commons-codec/1.13/commons-codec-1.13.jar:/Users/nagajothikaliappan/.m2/repository/org/rauschig/jarchivelib/1.1.0/jarchivelib-1.1.0.jar:/Users/nagajothikaliappan/.m2/repository/org/apache/commons/commons-compress/1.20/commons-compress-1.20.jar:/Users/nagajothikaliappan/.m2/repository/org/jsoup/jsoup/1.13.1/jsoup-1.13.1.jar:/Users/nagajothikaliappan/.m2/repository/org/seleniumhq/selenium/selenium-server/4.0.0-alpha-2/selenium-server-4.0.0-alpha-2.jar:/Users/nagajothikaliappan/.m2/repository/org/seleniumhq/selenium/grid/4.0.0-alpha-2/grid-4.0.0-alpha-2.jar:/Users/nagajothikaliappan/.m2/repository/org/seleniumhq/selenium/selenium-firefox-driver/4.0.0-alpha-2/selenium-firefox-driver-4.0.0-alpha-2.jar:/Users/nagajothikaliappan/.m2/repository/org/seleniumhq/selenium/jetty-repacked/9.4.12.v20180830.1/jetty-repacked-9.4.12.v20180830.1.jar:/Users/nagajothikaliappan/.m2/repository/javax/servlet/javax.servlet-api/3.1.0/javax.servlet-api-3.1.0.jar:/Users/nagajothikaliappan/.m2/repository/org/zeromq/jeromq/0.5.1/jeromq-0.5.1.jar:/Users/nagajothikaliappan/.m2/repository/eu/neilalexander/jnacl/1.0.0/jnacl-1.0.0.jar:/Users/nagajothikaliappan/.m2/repository/net/jcip/jcip-annotations/1.0/jcip-annotations-1.0.jar:/Users/nagajothikaliappan/.m2/repository/org/yaml/snakeyaml/1.24/snakeyaml-1.24.jar:/Users/nagajothikaliappan/.m2/repository/org/seleniumhq/selenium/selenium-java/4.0.0-alpha-2/selenium-java-4.0.0-alpha-2.jar:/Users/nagajothikaliappan/.m2/repository/org/seleniumhq/selenium/selenium-chrome-driver/4.0.0-alpha-2/selenium-chrome-driver-4.0.0-alpha-2.jar:/Users/nagajothikaliappan/.m2/repository/org/seleniumhq/selenium/selenium-chromium-driver/4.0.0-alpha-2/selenium-chromium-driver-4.0.0-alpha-2.jar:/Users/nagajothikaliappan/.m2/repository/org/seleniumhq/selenium/selenium-edgehtml-driver/4.0.0-alpha-2/selenium-edgehtml-driver-4.0.0-alpha-2.jar:/Users/nagajothikaliappan/.m2/repository/org/seleniumhq/selenium/selenium-edge-driver/4.0.0-alpha-2/selenium-edge-driver-4.0.0-alpha-2.jar:/Users/nagajothikaliappan/.m2/repository/org/seleniumhq/selenium/selenium-firefox-xpi-driver/4.0.0-alpha-2/selenium-firefox-xpi-driver-4.0.0-alpha-2.jar:/Users/nagajothikaliappan/.m2/repository/org/seleniumhq/selenium/selenium-ie-driver/4.0.0-alpha-2/selenium-ie-driver-4.0.0-alpha-2.jar:/Users/nagajothikaliappan/.m2/repository/org/seleniumhq/selenium/selenium-remote-driver/4.0.0-alpha-2/selenium-remote-driver-4.0.0-alpha-2.jar:/Users/nagajothikaliappan/.m2/repository/org/seleniumhq/selenium/selenium-api/4.0.0-alpha-2/selenium-api-4.0.0-alpha-2.jar:/Users/nagajothikaliappan/.m2/repository/net/bytebuddy/byte-buddy/1.9.12/byte-buddy-1.9.12.jar:/Users/nagajothikaliappan/.m2/repository/org/apache/commons/commons-exec/1.3/commons-exec-1.3.jar:/Users/nagajothikaliappan/.m2/repository/io/opentracing/contrib/opentracing-tracerresolver/0.1.7/opentracing-tracerresolver-0.1.7.jar:/Users/nagajothikaliappan/.m2/repository/io/opentracing/opentracing-api/0.33.0/opentracing-api-0.33.0.jar:/Users/nagajothikaliappan/.m2/repository/com/squareup/okhttp3/okhttp/3.14.0/okhttp-3.14.0.jar:/Users/nagajothikaliappan/.m2/repository/com/squareup/okio/okio/1.17.2/okio-1.17.2.jar:/Users/nagajothikaliappan/.m2/repository/io/opentracing/opentracing-util/0.33.0/opentracing-util-0.33.0.jar:/Users/nagajothikaliappan/.m2/repository/io/opentracing/opentracing-noop/0.33.0/opentracing-noop-0.33.0.jar:/Users/nagajothikaliappan/.m2/repository/org/seleniumhq/selenium/selenium-opera-driver/4.0.0-alpha-2/selenium-opera-driver-4.0.0-alpha-2.jar:/Users/nagajothikaliappan/.m2/repository/org/seleniumhq/selenium/selenium-safari-driver/4.0.0-alpha-2/selenium-safari-driver-4.0.0-alpha-2.jar:/Users/nagajothikaliappan/.m2/repository/org/seleniumhq/selenium/selenium-support/4.0.0-alpha-2/selenium-support-4.0.0-alpha-2.jar:/Users/nagajothikaliappan/.m2/repository/org/testng/testng/7.0.0/testng-7.0.0.jar:/Users/nagajothikaliappan/.m2/repository/com/beust/jcommander/1.72/jcommander-1.72.jar:/Users/nagajothikaliappan/.m2/repository/com/google/guava/guava/30.0-jre/guava-30.0-jre.jar:/Users/nagajothikaliappan/.m2/repository/com/google/guava/failureaccess/1.0.1/failureaccess-1.0.1.jar:/Users/nagajothikaliappan/.m2/repository/com/google/guava/listenablefuture/9999.0-empty-to-avoid-conflict-with-guava/listenablefuture-9999.0-empty-to-avoid-conflict-with-guava.jar:/Users/nagajothikaliappan/.m2/repository/com/google/code/findbugs/jsr305/3.0.2/jsr305-3.0.2.jar:/Users/nagajothikaliappan/.m2/repository/org/checkerframework/checker-qual/3.5.0/checker-qual-3.5.0.jar:/Users/nagajothikaliappan/.m2/repository/com/google/errorprone/error_prone_annotations/2.3.4/error_prone_annotations-2.3.4.jar:/Users/nagajothikaliappan/.m2/repository/com/google/j2objc/j2objc-annotations/1.3/j2objc-annotations-1.3.jar:/Users/nagajothikaliappan/.m2/repository/junit/junit/4.10/junit-4.10.jar:/Users/nagajothikaliappan/.m2/repository/org/hamcrest/hamcrest-core/1.1/hamcrest-core-1.1.jar:/Users/nagajothikaliappan/.m2/repository/io/cucumber/cucumber-java/6.8.2/cucumber-java-6.8.2.jar:/Users/nagajothikaliappan/.m2/repository/io/cucumber/cucumber-core/6.8.2/cucumber-core-6.8.2.jar:/Users/nagajothikaliappan/.m2/repository/io/cucumber/cucumber-gherkin/6.8.2/cucumber-gherkin-6.8.2.jar:/Users/nagajothikaliappan/.m2/repository/io/cucumber/cucumber-gherkin-messages/6.8.2/cucumber-gherkin-messages-6.8.2.jar:/Users/nagajothikaliappan/.m2/repository/io/cucumber/messages/13.1.0/messages-13.1.0.jar:/Users/nagajothikaliappan/.m2/repository/io/cucumber/tag-expressions/3.0.0/tag-expressions-3.0.0.jar:/Users/nagajothikaliappan/.m2/repository/io/cucumber/cucumber-expressions/10.3.0/cucumber-expressions-10.3.0.jar:/Users/nagajothikaliappan/.m2/repository/io/cucumber/datatable/3.5.0/datatable-3.5.0.jar:/Users/nagajothikaliappan/.m2/repository/io/cucumber/cucumber-plugin/6.8.2/cucumber-plugin-6.8.2.jar:/Users/nagajothikaliappan/.m2/repository/io/cucumber/docstring/6.8.2/docstring-6.8.2.jar:/Users/nagajothikaliappan/.m2/repository/io/cucumber/html-formatter/9.0.0/html-formatter-9.0.0.jar:/Users/nagajothikaliappan/.m2/repository/io/cucumber/create-meta/2.0.4/create-meta-2.0.4.jar:/Users/nagajothikaliappan/.m2/repository/org/apiguardian/apiguardian-api/1.1.0/apiguardian-api-1.1.0.jar:/Users/nagajothikaliappan/.m2/repository/io/cucumber/cucumber-testng/6.8.2/cucumber-testng-6.8.2.jar:/Users/nagajothikaliappan/.m2/repository/net/masterthought/cucumber-reporting/3.8.0/cucumber-reporting-3.8.0.jar:/Users/nagajothikaliappan/.m2/repository/org/apache/logging/log4j/log4j-api/2.6/log4j-api-2.6.jar:/Users/nagajothikaliappan/.m2/repository/org/apache/logging/log4j/log4j-core/2.6/log4j-core-2.6.jar:/Users/nagajothikaliappan/.m2/repository/com/fasterxml/jackson/core/jackson-databind/2.8.5/jackson-databind-2.8.5.jar:/Users/nagajothikaliappan/.m2/repository/com/fasterxml/jackson/core/jackson-annotations/2.8.0/jackson-annotations-2.8.0.jar:/Users/nagajothikaliappan/.m2/repository/com/fasterxml/jackson/core/jackson-core/2.8.5/jackson-core-2.8.5.jar:/Users/nagajothikaliappan/.m2/repository/org/apache/velocity/velocity/1.7/velocity-1.7.jar:/Users/nagajothikaliappan/.m2/repository/commons-collections/commons-collections/3.2.1/commons-collections-3.2.1.jar:/Users/nagajothikaliappan/.m2/repository/commons-lang/commons-lang/2.4/commons-lang-2.4.jar:/Users/nagajothikaliappan/.m2/repository/velocity-tools/velocity-tools/1.4/velocity-tools-1.4.jar:/Users/nagajothikaliappan/.m2/repository/joda-time/joda-time/2.9.6/joda-time-2.9.6.jar:/Users/nagajothikaliappan/.m2/repository/net/lingala/zip4j/zip4j/1.3.2/zip4j-1.3.2.jar:/Users/nagajothikaliappan/.m2/repository/org/codehaus/plexus/plexus-utils/3.0.24/plexus-utils-3.0.24.jar:/Users/nagajothikaliappan/.m2/repository/com/googlecode/owasp-java-html-sanitizer/owasp-java-html-sanitizer/20160924.1/owasp-java-html-sanitizer-20160924.1.jar:/Users/nagajothikaliappan/.m2/repository/com/github/javafaker/javafaker/1.0.2/javafaker-1.0.2.jar:/Users/nagajothikaliappan/.m2/repository/org/yaml/snakeyaml/1.23/snakeyaml-1.23-android.jar:/Users/nagajothikaliappan/.m2/repository/com/github/mifmif/generex/1.0.2/generex-1.0.2.jar:/Users/nagajothikaliappan/.m2/repository/dk/brics/automaton/automaton/1.11-8/automaton-1.11-8.jar:"/>
    <property name="sun.cpu.endian" value="little"/>
    <property name="user.home" value="/Users/nagajothikaliappan"/>
    <property name="user.language" value="en"/>
    <property name="java.specification.vendor" value="Oracle Corporation"/>
    <property name="java.version.date" value="2021-01-19"/>
    <property name="java.home" value="/Library/Java/JavaVirtualMachines/jdk-11.0.10.jdk/Contents/Home"/>
    <property name="file.separator" value="/"/>
    <property name="basedir" value="/Users/nagajothikaliappan/Desktop/CucumberProject/PageObject"/>
    <property name="java.vm.compressedOopsMode" value="Zero based"/>
    <property name="line.separator" value="&#10;"/>
    <property name="java.specification.name" value="Java Platform API Specification"/>
    <property name="java.vm.specification.vendor" value="Oracle Corporation"/>
    <property name="java.awt.graphicsenv" value="sun.awt.CGraphicsEnvironment"/>
    <property name="surefire.real.class.path" value="/Users/nagajothikaliappan/Desktop/CucumberProject/PageObject/target/surefire/surefirebooter9317783457469474160.jar"/>
    <property name="sun.management.compiler" value="HotSpot 64-Bit Tiered Compilers"/>
    <property name="ftp.nonProxyHosts" value="local|*.local|169.254/16|*.169.254/16"/>
    <property name="java.runtime.version" value="11.0.10+8-LTS-162"/>
    <property name="user.name" value="nagajothikaliappan"/>
    <property name="path.separator" value=":"/>
    <property name="os.version" value="10.16"/>
    <property name="java.runtime.name" value="Java(TM) SE Runtime Environment"/>
    <property name="file.encoding" value="UTF-8"/>
    <property name="java.vm.name" value="Java HotSpot(TM) 64-Bit Server VM"/>
    <property name="java.vendor.version" value="18.9"/>
    <property name="localRepository" value="/Users/nagajothikaliappan/.m2/repository"/>
    <property name="java.vendor.url.bug" value="https://bugreport.java.com/bugreport/"/>
    <property name="java.io.tmpdir" value="/var/folders/lt/rd138qbd6qxd534q2wf6jglc0000gn/T/"/>
    <property name="java.version" value="11.0.10"/>
    <property name="user.dir" value="/Users/nagajothikaliappan/Desktop/CucumberProject/PageObject"/>
    <property name="os.arch" value="x86_64"/>
    <property name="java.vm.specification.name" value="Java Virtual Machine Specification"/>
    <property name="java.awt.printerjob" value="sun.lwawt.macosx.CPrinterJob"/>
    <property name="sun.os.patch.level" value="unknown"/>
    <property name="java.library.path" value="/Users/nagajothikaliappan/Library/Java/Extensions:/Library/Java/Extensions:/Network/Library/Java/Extensions:/System/Library/Java/Extensions:/usr/lib/java:."/>
    <property name="java.vendor" value="Oracle Corporation"/>
    <property name="java.vm.info" value="mixed mode"/>
    <property name="java.vm.version" value="11.0.10+8-LTS-162"/>
    <property name="sun.io.unicode.encoding" value="UnicodeBig"/>
    <property name="java.class.version" value="55.0"/>
    <property name="socksNonProxyHosts" value="local|*.local|169.254/16|*.169.254/16"/>
  </properties>
  <testcase name="runScenario[&quot;Happy path Login&quot;, &quot;Optional[Login Scenarios]&quot;](1)" classname="testRunner.CucumberRunner" time="8.205">
    <system-out><![CDATA[
@tag @tag1
Scenario: Happy path Login                   &amp#27;[90m# src/test/resources/Login.feature:6&amp#27;[0m
  &amp#27;[32mGiven &amp#27;[0m&amp#27;[32mI am on homepage&amp#27;[0m                     &amp#27;[90m# stepDefinition.LoginStepDef.i_am_on_homepage()&amp#27;[0m
  &amp#27;[32mWhen &amp#27;[0m&amp#27;[32mI login using &amp#27;[0m&amp#27;[32m&amp#27;[1m"Testone"&amp#27;[0m&amp#27;[32m and &amp#27;[0m&amp#27;[32m&amp#27;[1m"Test123"&amp#27;[0m &amp#27;[90m# stepDefinition.LoginStepDef.i_login_using_and(java.lang.String,java.lang.String)&amp#27;[0m
  &amp#27;[32mThen &amp#27;[0m&amp#27;[32mI should be signed in successfully&amp#27;[0m    &amp#27;[90m# stepDefinition.LoginStepDef.i_should_be_signed_in_successfully()&amp#27;[0m
]]></system-out>
    <system-err><![CDATA[SLF4J: Failed to load class "org.slf4j.impl.StaticLoggerBinder".
SLF4J: Defaulting to no-operation (NOP) logger implementation
SLF4J: See http://www.slf4j.org/codes.html#StaticLoggerBinder for further details.
Starting ChromeDriver 93.0.4577.15 (660fc11082ba57405eca2e8c49c3e1af756fbfae-refs/branch-heads/4577@{#203}) on port 4386
Only local connections are allowed.
Please see https://chromedriver.chromium.org/security-considerations for suggestions on keeping ChromeDriver safe.
ChromeDriver was started successfully.
Sep 06, 2021 8:01:30 PM org.openqa.selenium.remote.ProtocolHandshake createSession
INFO: Detected dialect: W3C
]]></system-err>
  </testcase>
  <testcase name="runScenario[&quot;Login for multiple user&quot;, &quot;Optional[Login Scenarios]&quot;](2)" classname="testRunner.CucumberRunner" time="8.213">
    <system-out><![CDATA[
@tag @tag2
Scenario Outline: Login for multiple user    &amp#27;[90m# src/test/resources/Login.feature:19&amp#27;[0m
  &amp#27;[32mGiven &amp#27;[0m&amp#27;[32mI am on homepage&amp#27;[0m                     &amp#27;[90m# stepDefinition.LoginStepDef.i_am_on_homepage()&amp#27;[0m
  &amp#27;[32mWhen &amp#27;[0m&amp#27;[32mI login using &amp#27;[0m&amp#27;[32m&amp#27;[1m"Testone"&amp#27;[0m&amp#27;[32m and &amp#27;[0m&amp#27;[32m&amp#27;[1m"Test123"&amp#27;[0m &amp#27;[90m# stepDefinition.LoginStepDef.i_login_using_and(java.lang.String,java.lang.String)&amp#27;[0m
  &amp#27;[32mThen &amp#27;[0m&amp#27;[32mI should be signed in successfully&amp#27;[0m    &amp#27;[90m# stepDefinition.LoginStepDef.i_should_be_signed_in_successfully()&amp#27;[0m
]]></system-out>
    <system-err><![CDATA[Starting ChromeDriver 93.0.4577.15 (660fc11082ba57405eca2e8c49c3e1af756fbfae-refs/branch-heads/4577@{#203}) on port 18681
Only local connections are allowed.
Please see https://chromedriver.chromium.org/security-considerations for suggestions on keeping ChromeDriver safe.
ChromeDriver was started successfully.
Sep 06, 2021 8:01:44 PM org.openqa.selenium.remote.ProtocolHandshake createSession
INFO: Detected dialect: W3C
]]></system-err>
  </testcase>
  <testcase name="runScenario[&quot;Login for multiple user&quot;, &quot;Optional[Login Scenarios]&quot;](3)" classname="testRunner.CucumberRunner" time="7.86">
    <system-out><![CDATA[
@tag @tag2
Scenario Outline: Login for multiple user    &amp#27;[90m# src/test/resources/Login.feature:20&amp#27;[0m
  &amp#27;[32mGiven &amp#27;[0m&amp#27;[32mI am on homepage&amp#27;[0m                     &amp#27;[90m# stepDefinition.LoginStepDef.i_am_on_homepage()&amp#27;[0m
  &amp#27;[32mWhen &amp#27;[0m&amp#27;[32mI login using &amp#27;[0m&amp#27;[32m&amp#27;[1m"Testtwo"&amp#27;[0m&amp#27;[32m and &amp#27;[0m&amp#27;[32m&amp#27;[1m"Test123"&amp#27;[0m &amp#27;[90m# stepDefinition.LoginStepDef.i_login_using_and(java.lang.String,java.lang.String)&amp#27;[0m
  &amp#27;[32mThen &amp#27;[0m&amp#27;[32mI should be signed in successfully&amp#27;[0m    &amp#27;[90m# stepDefinition.LoginStepDef.i_should_be_signed_in_successfully()&amp#27;[0m
]]></system-out>
    <system-err><![CDATA[Starting ChromeDriver 93.0.4577.15 (660fc11082ba57405eca2e8c49c3e1af756fbfae-refs/branch-heads/4577@{#203}) on port 48187
Only local connections are allowed.
Please see https://chromedriver.chromium.org/security-considerations for suggestions on keeping ChromeDriver safe.
ChromeDriver was started successfully.
Sep 06, 2021 8:01:58 PM org.openqa.selenium.remote.ProtocolHandshake createSession
INFO: Detected dialect: W3C
]]></system-err>
  </testcase>
  <testcase name="runScenario[&quot;Login for multiple user&quot;, &quot;Optional[Login Scenarios]&quot;](4)" classname="testRunner.CucumberRunner" time="7.948">
    <system-out><![CDATA[
@tag @tag2
Scenario Outline: Login for multiple user    &amp#27;[90m# src/test/resources/Login.feature:21&amp#27;[0m
  &amp#27;[32mGiven &amp#27;[0m&amp#27;[32mI am on homepage&amp#27;[0m                     &amp#27;[90m# stepDefinition.LoginStepDef.i_am_on_homepage()&amp#27;[0m
  &amp#27;[32mWhen &amp#27;[0m&amp#27;[32mI login using &amp#27;[0m&amp#27;[32m&amp#27;[1m"Testjoe"&amp#27;[0m&amp#27;[32m and &amp#27;[0m&amp#27;[32m&amp#27;[1m"Test123"&amp#27;[0m &amp#27;[90m# stepDefinition.LoginStepDef.i_login_using_and(java.lang.String,java.lang.String)&amp#27;[0m
  &amp#27;[32mThen &amp#27;[0m&amp#27;[32mI should be signed in successfully&amp#27;[0m    &amp#27;[90m# stepDefinition.LoginStepDef.i_should_be_signed_in_successfully()&amp#27;[0m
]]></system-out>
    <system-err><![CDATA[Starting ChromeDriver 93.0.4577.15 (660fc11082ba57405eca2e8c49c3e1af756fbfae-refs/branch-heads/4577@{#203}) on port 17975
Only local connections are allowed.
Please see https://chromedriver.chromium.org/security-considerations for suggestions on keeping ChromeDriver safe.
ChromeDriver was started successfully.
Sep 06, 2021 8:02:10 PM org.openqa.selenium.remote.ProtocolHandshake createSession
INFO: Detected dialect: W3C
]]></system-err>
  </testcase>
  <testcase name="runScenario[&quot;Place order for various categories&quot;, &quot;Optional[Place Order]&quot;](5)" classname="testRunner.CucumberRunner" time="10.292">
    <system-out><![CDATA[
@tag @tag2
Scenario Outline: Place order for various categories &amp#27;[90m# src/test/resources/PlaceOrder.feature:19&amp#27;[0m
  &amp#27;[32mGiven &amp#27;[0m&amp#27;[32mI am on homepage&amp#27;[0m                             &amp#27;[90m# stepDefinition.LoginStepDef.i_am_on_homepage()&amp#27;[0m
  &amp#27;[32mWhen &amp#27;[0m&amp#27;[32mI login using &amp#27;[0m&amp#27;[32m&amp#27;[1m"Testone"&amp#27;[0m&amp#27;[32m and &amp#27;[0m&amp#27;[32m&amp#27;[1m"Test123"&amp#27;[0m         &amp#27;[90m# stepDefinition.LoginStepDef.i_login_using_and(java.lang.String,java.lang.String)&amp#27;[0m
  &amp#27;[32mThen &amp#27;[0m&amp#27;[32mI should be signed in successfully&amp#27;[0m            &amp#27;[90m# stepDefinition.LoginStepDef.i_should_be_signed_in_successfully()&amp#27;[0m
Phones
Clicked Phone
  &amp#27;[32mWhen &amp#27;[0m&amp#27;[32mI place an order for &amp#27;[0m&amp#27;[32m&amp#27;[1m"Phones"&amp#27;[0m                 &amp#27;[90m# stepDefinition.PlaceOrderStepDef.i_place_an_order_for(java.lang.String)&amp#27;[0m
  &amp#27;[32mThen &amp#27;[0m&amp#27;[32mOrder should be placed successfully&amp#27;[0m           &amp#27;[90m# stepDefinition.PlaceOrderStepDef.order_should_be_placed_successfully()&amp#27;[0m
]]></system-out>
    <system-err><![CDATA[Starting ChromeDriver 93.0.4577.15 (660fc11082ba57405eca2e8c49c3e1af756fbfae-refs/branch-heads/4577@{#203}) on port 14358
Only local connections are allowed.
Please see https://chromedriver.chromium.org/security-considerations for suggestions on keeping ChromeDriver safe.
ChromeDriver was started successfully.
Sep 06, 2021 8:02:24 PM org.openqa.selenium.remote.ProtocolHandshake createSession
INFO: Detected dialect: W3C
]]></system-err>
  </testcase>
  <testcase name="runScenario[&quot;Place order for various categories&quot;, &quot;Optional[Place Order]&quot;](6)" classname="testRunner.CucumberRunner" time="9.442">
    <system-out><![CDATA[
@tag @tag2
Scenario Outline: Place order for various categories &amp#27;[90m# src/test/resources/PlaceOrder.feature:20&amp#27;[0m
  &amp#27;[32mGiven &amp#27;[0m&amp#27;[32mI am on homepage&amp#27;[0m                             &amp#27;[90m# stepDefinition.LoginStepDef.i_am_on_homepage()&amp#27;[0m
  &amp#27;[32mWhen &amp#27;[0m&amp#27;[32mI login using &amp#27;[0m&amp#27;[32m&amp#27;[1m"Testone"&amp#27;[0m&amp#27;[32m and &amp#27;[0m&amp#27;[32m&amp#27;[1m"Test123"&amp#27;[0m         &amp#27;[90m# stepDefinition.LoginStepDef.i_login_using_and(java.lang.String,java.lang.String)&amp#27;[0m
  &amp#27;[32mThen &amp#27;[0m&amp#27;[32mI should be signed in successfully&amp#27;[0m            &amp#27;[90m# stepDefinition.LoginStepDef.i_should_be_signed_in_successfully()&amp#27;[0m
Phones
Laptops
Clicked Laptop
  &amp#27;[32mWhen &amp#27;[0m&amp#27;[32mI place an order for &amp#27;[0m&amp#27;[32m&amp#27;[1m"Laptops"&amp#27;[0m                &amp#27;[90m# stepDefinition.PlaceOrderStepDef.i_place_an_order_for(java.lang.String)&amp#27;[0m
  &amp#27;[32mThen &amp#27;[0m&amp#27;[32mOrder should be placed successfully&amp#27;[0m           &amp#27;[90m# stepDefinition.PlaceOrderStepDef.order_should_be_placed_successfully()&amp#27;[0m
]]></system-out>
    <system-err><![CDATA[Starting ChromeDriver 93.0.4577.15 (660fc11082ba57405eca2e8c49c3e1af756fbfae-refs/branch-heads/4577@{#203}) on port 42707
Only local connections are allowed.
Please see https://chromedriver.chromium.org/security-considerations for suggestions on keeping ChromeDriver safe.
ChromeDriver was started successfully.
Sep 06, 2021 8:02:40 PM org.openqa.selenium.remote.ProtocolHandshake createSession
INFO: Detected dialect: W3C
]]></system-err>
  </testcase>
  <testcase name="runScenario[&quot;Place order for various categories&quot;, &quot;Optional[Place Order]&quot;](7)" classname="testRunner.CucumberRunner" time="6.154">
    <failure message="stale element reference: element is not attached to the page document&#10;  (Session info: chrome=93.0.4577.63)&#10;For documentation on this error, please visit: https://www.seleniumhq.org/exceptions/stale_element_reference.html&#10;Build info: version: &apos;4.0.0-alpha-2&apos;, revision: &apos;f148142cf8&apos;, time: &apos;2019-07-01T20:55:26&apos;&#10;System info: host: &apos;Nagajothis-MacBook-Pro.local&apos;, ip: &apos;fe80:0:0:0:105d:f2ad:a466:dfe5%en0&apos;, os.name: &apos;Mac OS X&apos;, os.arch: &apos;x86_64&apos;, os.version: &apos;10.16&apos;, java.version: &apos;11.0.10&apos;&#10;Driver info: org.openqa.selenium.chrome.ChromeDriver&#10;Capabilities {acceptInsecureCerts: false, browserName: chrome, browserVersion: 93.0.4577.63, chrome: {chromedriverVersion: 93.0.4577.15 (660fc11082ba5..., userDataDir: /var/folders/lt/rd138qbd6qx...}, goog:chromeOptions: {debuggerAddress: localhost:50064}, javascriptEnabled: true, networkConnectionEnabled: false, pageLoadStrategy: normal, platform: MAC, platformName: MAC, proxy: Proxy(), setWindowRect: true, strictFileInteractability: false, timeouts: {implicit: 0, pageLoad: 300000, script: 30000}, unhandledPromptBehavior: dismiss and notify, webauthn:extension:credBlob: true, webauthn:extension:largeBlob: true, webauthn:virtualAuthenticators: true}&#10;Session ID: b47277baeeb3cc31bde39aae747ab77b" type="org.openqa.selenium.StaleElementReferenceException"><![CDATA[org.openqa.selenium.StaleElementReferenceException: 
stale element reference: element is not attached to the page document
  (Session info: chrome=93.0.4577.63)
For documentation on this error, please visit: https://www.seleniumhq.org/exceptions/stale_element_reference.html
Build info: version: '4.0.0-alpha-2', revision: 'f148142cf8', time: '2019-07-01T20:55:26'
System info: host: 'Nagajothis-MacBook-Pro.local', ip: 'fe80:0:0:0:105d:f2ad:a466:dfe5%en0', os.name: 'Mac OS X', os.arch: 'x86_64', os.version: '10.16', java.version: '11.0.10'
Driver info: org.openqa.selenium.chrome.ChromeDriver
Capabilities {acceptInsecureCerts: false, browserName: chrome, browserVersion: 93.0.4577.63, chrome: {chromedriverVersion: 93.0.4577.15 (660fc11082ba5..., userDataDir: /var/folders/lt/rd138qbd6qx...}, goog:chromeOptions: {debuggerAddress: localhost:50064}, javascriptEnabled: true, networkConnectionEnabled: false, pageLoadStrategy: normal, platform: MAC, platformName: MAC, proxy: Proxy(), setWindowRect: true, strictFileInteractability: false, timeouts: {implicit: 0, pageLoad: 300000, script: 30000}, unhandledPromptBehavior: dismiss and notify, webauthn:extension:credBlob: true, webauthn:extension:largeBlob: true, webauthn:virtualAuthenticators: true}
Session ID: b47277baeeb3cc31bde39aae747ab77b
]]></failure>
    <system-out><![CDATA[
@tag @tag2
Scenario Outline: Place order for various categories &amp#27;[90m# src/test/resources/PlaceOrder.feature:21&amp#27;[0m
  &amp#27;[32mGiven &amp#27;[0m&amp#27;[32mI am on homepage&amp#27;[0m                             &amp#27;[90m# stepDefinition.LoginStepDef.i_am_on_homepage()&amp#27;[0m
  &amp#27;[32mWhen &amp#27;[0m&amp#27;[32mI login using &amp#27;[0m&amp#27;[32m&amp#27;[1m"Testone"&amp#27;[0m&amp#27;[32m and &amp#27;[0m&amp#27;[32m&amp#27;[1m"Test123"&amp#27;[0m         &amp#27;[90m# stepDefinition.LoginStepDef.i_login_using_and(java.lang.String,java.lang.String)&amp#27;[0m
  &amp#27;[31mThen &amp#27;[0m&amp#27;[31mI should be signed in successfully&amp#27;[0m            &amp#27;[90m# stepDefinition.LoginStepDef.i_should_be_signed_in_successfully()&amp#27;[0m
      &amp#27;[31morg.openqa.selenium.StaleElementReferenceException: stale element reference: element is not attached to the page document
  (Session info: chrome=93.0.4577.63)
For documentation on this error, please visit: https://www.seleniumhq.org/exceptions/stale_element_reference.html
Build info: version: '4.0.0-alpha-2', revision: 'f148142cf8', time: '2019-07-01T20:55:26'
System info: host: 'Nagajothis-MacBook-Pro.local', ip: 'fe80:0:0:0:105d:f2ad:a466:dfe5%en0', os.name: 'Mac OS X', os.arch: 'x86_64', os.version: '10.16', java.version: '11.0.10'
Driver info: org.openqa.selenium.chrome.ChromeDriver
Capabilities {acceptInsecureCerts: false, browserName: chrome, browserVersion: 93.0.4577.63, chrome: {chromedriverVersion: 93.0.4577.15 (660fc11082ba5..., userDataDir: /var/folders/lt/rd138qbd6qx...}, goog:chromeOptions: {debuggerAddress: localhost:50064}, javascriptEnabled: true, networkConnectionEnabled: false, pageLoadStrategy: normal, platform: MAC, platformName: MAC, proxy: Proxy(), setWindowRect: true, strictFileInteractability: false, timeouts: {implicit: 0, pageLoad: 300000, script: 30000}, unhandledPromptBehavior: dismiss and notify, webauthn:extension:credBlob: true, webauthn:extension:largeBlob: true, webauthn:virtualAuthenticators: true}
Session ID: b47277baeeb3cc31bde39aae747ab77b
	at java.base/jdk.internal.reflect.NativeConstructorAccessorImpl.newInstance0(Native Method)
	at java.base/jdk.internal.reflect.NativeConstructorAccessorImpl.newInstance(NativeConstructorAccessorImpl.java:62)
	at java.base/jdk.internal.reflect.DelegatingConstructorAccessorImpl.newInstance(DelegatingConstructorAccessorImpl.java:45)
	at java.base/java.lang.reflect.Constructor.newInstance(Constructor.java:490)
	at org.openqa.selenium.remote.codec.w3c.W3CHttpResponseCodec.createException(W3CHttpResponseCodec.java:191)
	at org.openqa.selenium.remote.codec.w3c.W3CHttpResponseCodec.decode(W3CHttpResponseCodec.java:125)
	at org.openqa.selenium.remote.codec.w3c.W3CHttpResponseCodec.decode(W3CHttpResponseCodec.java:52)
	at org.openqa.selenium.remote.HttpCommandExecutor.execute(HttpCommandExecutor.java:161)
	at org.openqa.selenium.remote.service.DriverCommandExecutor.execute(DriverCommandExecutor.java:83)
	at org.openqa.selenium.remote.RemoteWebDriver.execute(RemoteWebDriver.java:576)
	at org.openqa.selenium.remote.RemoteWebElement.execute(RemoteWebElement.java:308)
	at org.openqa.selenium.remote.RemoteWebElement.isDisplayed(RemoteWebElement.java:355)
	at jdk.internal.reflect.GeneratedMethodAccessor46.invoke(Unknown Source)
	at java.base/jdk.internal.reflect.DelegatingMethodAccessorImpl.invoke(DelegatingMethodAccessorImpl.java:43)
	at java.base/java.lang.reflect.Method.invoke(Method.java:566)
	at org.openqa.selenium.support.pagefactory.internal.LocatingElementHandler.invoke(LocatingElementHandler.java:52)
	at com.sun.proxy.$Proxy20.isDisplayed(Unknown Source)
	at org.openqa.selenium.support.ui.ExpectedConditions.elementIfVisible(ExpectedConditions.java:314)
	at org.openqa.selenium.support.ui.ExpectedConditions.access$000(ExpectedConditions.java:43)
	at org.openqa.selenium.support.ui.ExpectedConditions$10.apply(ExpectedConditions.java:300)
	at org.openqa.selenium.support.ui.ExpectedConditions$10.apply(ExpectedConditions.java:297)
	at org.openqa.selenium.support.ui.ExpectedConditions$23.apply(ExpectedConditions.java:670)
	at org.openqa.selenium.support.ui.ExpectedConditions$23.apply(ExpectedConditions.java:666)
	at org.openqa.selenium.support.ui.FluentWait.until(FluentWait.java:211)
	at pages.LoginPage.verifyLogin(LoginPage.java:62)
	at stepDefinition.LoginStepDef.i_should_be_signed_in_successfully(LoginStepDef.java:48)
	at ✽.I should be signed in successfully(file:///Users/nagajothikaliappan/Desktop/CucumberProject/PageObject/src/test/resources/PlaceOrder.feature:8)
&amp#27;[0m
  &amp#27;[36mWhen &amp#27;[0m&amp#27;[36mI place an order for &amp#27;[0m&amp#27;[36m&amp#27;[1m"Monitors"&amp#27;[0m               &amp#27;[90m# stepDefinition.PlaceOrderStepDef.i_place_an_order_for(java.lang.String)&amp#27;[0m
  &amp#27;[36mThen &amp#27;[0m&amp#27;[36mOrder should be placed successfully&amp#27;[0m           &amp#27;[90m# stepDefinition.PlaceOrderStepDef.order_should_be_placed_successfully()&amp#27;[0m
]]></system-out>
    <system-err><![CDATA[Starting ChromeDriver 93.0.4577.15 (660fc11082ba57405eca2e8c49c3e1af756fbfae-refs/branch-heads/4577@{#203}) on port 36673
Only local connections are allowed.
Please see https://chromedriver.chromium.org/security-considerations for suggestions on keeping ChromeDriver safe.
ChromeDriver was started successfully.
Sep 06, 2021 8:02:54 PM org.openqa.selenium.remote.ProtocolHandshake createSession
INFO: Detected dialect: W3C
]]></system-err>
  </testcase>
  <testcase name="runScenario[&quot;Registration Happy path&quot;, &quot;Optional[Registration scenarios]&quot;](8)" classname="testRunner.CucumberRunner" time="4.735">
    <system-out><![CDATA[
@tag @tag1
Scenario: Registration Happy path              &amp#27;[90m# src/test/resources/Registration.feature:7&amp#27;[0m
  &amp#27;[32mGiven &amp#27;[0m&amp#27;[32mI am on homepage&amp#27;[0m                       &amp#27;[90m# stepDefinition.LoginStepDef.i_am_on_homepage()&amp#27;[0m
  &amp#27;[32mWhen &amp#27;[0m&amp#27;[32mI enter unique details for registration&amp#27;[0m &amp#27;[90m# stepDefinition.RegistrationStepDef.i_enter_unique_details_for_registration()&amp#27;[0m
  &amp#27;[32mThen &amp#27;[0m&amp#27;[32mI should be registered successfully&amp#27;[0m     &amp#27;[90m# stepDefinition.RegistrationStepDef.i_should_be_registered_successfully()&amp#27;[0m
]]></system-out>
    <system-err><![CDATA[Starting ChromeDriver 93.0.4577.15 (660fc11082ba57405eca2e8c49c3e1af756fbfae-refs/branch-heads/4577@{#203}) on port 35988
Only local connections are allowed.
Please see https://chromedriver.chromium.org/security-considerations for suggestions on keeping ChromeDriver safe.
ChromeDriver was started successfully.
Sep 06, 2021 8:03:05 PM org.openqa.selenium.remote.ProtocolHandshake createSession
INFO: Detected dialect: W3C
]]></system-err>
  </testcase>
</testsuite>