<?xml version="1.0" encoding="UTF-8"?>
<!-- Generated by org.testng.reporters.JUnitReportReporter -->
<testsuite hostname="Nagajothis-MacBook-Pro.local" failures="0" tests="1" name="testRunner.CucumberRunner" time="11.224" errors="0" timestamp="2021-09-06T19:54:58 NZST" skipped="0">
  <testcase classname="testRunner.CucumberRunner" name="runScenario" time="11.224"/>
  <system-out/>
</testsuite> <!-- testRunner.CucumberRunner -->
